Flutter crash report.
Please report a bug at https://github.com/flutter/flutter/issues.

## command

flutter build apk

## exception

ProcessException: ProcessException: %1 is not a valid Win32 application.

  Command: "D:\Assignements\SEM TWO\Chirag sir\IOS Developmant\group_chatapp_flutter_firebase-main\android\gradlew.bat" -q -Ptarget-platform=android-arm,android-arm64,android-x64 -Ptarget=lib\main.dart -Pbase-application-name=android.app.Application -Pdart-obfuscation=false -Ptrack-widget-creation=true -Ptree-shake-icons=true assembleRelease

```
#0      _ProcessImpl._start (dart:io-patch/process_patch.dart:402:33)
#1      Process.start (dart:io-patch/process_patch.dart:38:20)
#2      LocalProcessManager.start (package:process/src/interface/local_process_manager.dart:42:22)
#3      ErrorHandlingProcessManager.start.<anonymous closure> (package:flutter_tools/src/base/error_handling_io.dart:686:24)
#4      _run (package:flutter_tools/src/base/error_handling_io.dart:556:20)
#5      ErrorHandlingProcessManager.start (package:flutter_tools/src/base/error_handling_io.dart:685:12)
#6      _DefaultProcessUtils.start (package:flutter_tools/src/base/process.dart:471:28)
#7      _DefaultProcessUtils.stream (package:flutter_tools/src/base/process.dart:491:35)
#8      AndroidGradleBuilder.buildGradleApp (package:flutter_tools/src/android/gradle.dart:467:38)
#9      AndroidGradleBuilder.buildApk (package:flutter_tools/src/android/gradle.dart:223:11)
#10     BuildApkCommand.runCommand (package:flutter_tools/src/commands/build_apk.dart:140:27)
<asynchronous suspension>
#11     FlutterCommand.run.<anonymous closure> (package:flutter_tools/src/runner/flutter_command.dart:1394:27)
<asynchronous suspension>
#12     AppContext.run.<anonymous closure> (package:flutter_tools/src/base/context.dart:153:19)
<asynchronous suspension>
#13     CommandRunner.runCommand (package:args/command_runner.dart:212:13)
<asynchronous suspension>
#14     FlutterCommandRunner.runCommand.<anonymous closure> (package:flutter_tools/src/runner/flutter_command_runner.dart:372:9)
<asynchronous suspension>
#15     AppContext.run.<anonymous closure> (package:flutter_tools/src/base/context.dart:153:19)
<asynchronous suspension>
#16     FlutterCommandRunner.runCommand (package:flutter_tools/src/runner/flutter_command_runner.dart:308:5)
<asynchronous suspension>
#17     run.<anonymous closure>.<anonymous closure> (package:flutter_tools/runner.dart:130:9)
<asynchronous suspension>
#18     AppContext.run.<anonymous closure> (package:flutter_tools/src/base/context.dart:153:19)
<asynchronous suspension>
#19     main (package:flutter_tools/executable.dart:93:3)
<asynchronous suspension>
```

## flutter doctor

```
[32m[✓][39m Flutter (Channel stable, 3.22.2, on Microsoft Windows [Version 10.0.22631.3880], locale en-CA)
    [32m•[39m Flutter version 3.22.2 on channel stable at D:\soft\flutter
    [32m•[39m Upstream repository https://github.com/flutter/flutter.git
    [32m•[39m Framework revision 761747bfc5 (7 weeks ago), 2024-06-05 22:15:13 +0200
    [32m•[39m Engine revision edd8546116
    [32m•[39m Dart version 3.4.3
    [32m•[39m DevTools version 2.34.3

[32m[✓][39m Windows Version (Installed version of Windows is version 10 or higher)

[32m[✓][39m Android toolchain - develop for Android devices (Android SDK version 35.0.0)
    [32m•[39m Android SDK at C:\Users\safva\AppData\Local\Android\Sdk
    [32m•[39m Platform android-35, build-tools 35.0.0
    [32m•[39m ANDROID_HOME = C:\Users\safva\AppData\Local\Android\Sdk
    [32m•[39m ANDROID_SDK_ROOT = C:\Program Files (x86)\AIRSDKManager
    [32m•[39m Java binary at: C:\Program Files\Android\Android Studio\jbr\bin\java
    [32m•[39m Java version OpenJDK Runtime Environment (build 17.0.10+0--11572160)
    [32m•[39m All Android licenses accepted.

[32m[✓][39m Chrome - develop for the web
    [32m•[39m Chrome at C:\Program Files\Google\Chrome\Application\chrome.exe

[33m[!][39m Visual Studio - develop Windows apps (Visual Studio Community 2022 17.9.6)
    [32m•[39m Visual Studio at C:\Program Files\Microsoft Visual Studio\2022\Community
    [32m•[39m Visual Studio Community 2022 version 17.9.34728.123
    [31m✗[39m Visual Studio is missing necessary components. Please re-run the Visual Studio installer for the "Desktop development with C++" workload, and include these components:
        MSVC v142 - VS 2019 C++ x64/x86 build tools
         - If there are multiple build tool versions available, install the latest
        C++ CMake tools for Windows
        Windows 10 SDK

[32m[✓][39m Android Studio (version 2023.3)
    [32m•[39m Android Studio at C:\Program Files\Android\Android Studio
    [32m•[39m Flutter plugin can be installed from:
      🔨 https://plugins.jetbrains.com/plugin/9212-flutter
    [32m•[39m Dart plugin can be installed from:
      🔨 https://plugins.jetbrains.com/plugin/6351-dart
    [32m•[39m Java version OpenJDK Runtime Environment (build 17.0.10+0--11572160)

[32m[✓][39m VS Code (version 1.91.1)
    [32m•[39m VS Code at C:\Users\safva\AppData\Local\Programs\Microsoft VS Code
    [32m•[39m Flutter extension version 3.92.0

[32m[✓][39m Connected device (4 available)
    [32m•[39m sdk gphone64 x86 64 (mobile) • emulator-5554 • android-x64    • Android 12 (API 31) (emulator)
    [32m•[39m Windows (desktop)            • windows       • windows-x64    • Microsoft Windows [Version 10.0.22631.3880]
    [32m•[39m Chrome (web)                 • chrome        • web-javascript • Google Chrome 127.0.6533.72
    [32m•[39m Edge (web)                   • edge          • web-javascript • Microsoft Edge 126.0.2592.87

[32m[✓][39m Network resources
    [32m•[39m All expected network resources are available.

[33m![39m Doctor found issues in 1 category.
```
